#
# A fatal error has been detected by the Java Runtime Environment:
#
#  SIGSEGV (0xb) at pc=0x0000000114d7f810, pid=33920, tid=64791
#
# JRE version: Java(TM) SE Runtime Environment (7.0_67-b01) (build 1.7.0_67-b01)
# Java VM: Java HotSpot(TM) 64-Bit Server VM (24.65-b04 mixed mode bsd-amd64 compressed oops)
# Problematic frame:
# C  [libXnVHandGenerator_1_5_2.dylib+0x5d810]  _ZN28NHAMultiResDepthMapContainer6UpdateERKN2xn14DepthGeneratorERKNS0_13DepthMetaDataEj10SensorTime+0x130
#
# Failed to write core dump. Core dumps have been disabled. To enable core dumping, try "ulimit -c unlimited" before starting Java again
#
# If you would like to submit a bug report, please visit:
#   http://bugreport.sun.com/bugreport/crash.jsp
# The crash happened outside the Java Virtual Machine in native code.
# See problematic frame for where to report the bug.
#

---------------  T H R E A D  ---------------

Current thread (0x00007fe201916800):  JavaThread "Thread-0" [_thread_in_native, id=64791, stack(0x0000000124a35000,0x0000000124b35000)]

siginfo:si_signo=SIGSEGV: si_errno=0, si_code=1 (SEGV_MAPERR), si_addr=0x0000000115754000

Registers:
RAX=0x000000011f78fc00, RBX=0x0000000000000200, RCX=0x000000000000001c, RDX=0x00000000000001df
RSP=0x0000000124b34610, RBP=0x0000000124b34660, RSI=0x000000000000027f, RDI=0x0000000115753c00
R8 =0x000000011f787000, R9 =0x00000000000005c0, R10=0x0000000000000001, R11=0x00007fff918472ba
R12=0x000000000000027f, R13=0x000000011574b000, R14=0x00007fe1ffc20838, R15=0x00000000000001df
RIP=0x0000000114d7f810, EFLAGS=0x0000000000010297, ERR=0x0000000000000004
  TRAPNO=0x000000000000000e

Top of Stack: (sp=0x0000000124b34610)
0x0000000124b34610:   0000000100000001 0000000300000000
0x0000000124b34620:   0000010100000000 000001e000000280
0x0000000124b34630:   000000010000001e 00007fe200dc1920
0x0000000124b34640:   0000000124b346d0 00007fe1ffc20628
0x0000000124b34650:   000000000000010e 00007fe1ffc20808
0x0000000124b34660:   0000000124b346b0 0000000114d79d6b
0x0000000124b34670:   00007fe1ffc20600 00007fe1ffc20638
0x0000000124b34680:   0000000124b346c8 00007fe200dc1920
0x0000000124b34690:   0000000000000000 000000077b5b29e0
0x0000000124b346a0:   00007fe20121f9d0 0000000000010001
0x0000000124b346b0:   0000000124b346e0 0000000114d3431f
0x0000000124b346c0:   0000000124b346e0 0000000000000000
0x0000000124b346d0:   4297aa1dc1a00b34 00007fe2441d0c6a
0x0000000124b346e0:   0000000124b34710 00000001145b9623
0x0000000124b346f0:   00007fe20121f9d0 0000000000000000
0x0000000124b34700:   00007fe2018bda00 00007fe20121f9d0
0x0000000124b34710:   0000000124b34730 000000011fdc3c1c
0x0000000124b34720:   00007fe20121f940 00007fe20121f9d0
0x0000000124b34730:   0000000124b34770 000000011fddfed0
0x0000000124b34740:   0000000000000000 00007fe20125ef50
0x0000000124b34750:   0000000000000001 00007fe20121f940
0x0000000124b34760:   00007fe1f9e20e20 00007fe20121f940
0x0000000124b34770:   0000000124b347a0 000000011fddf158
0x0000000124b34780:   00007fe20125ef50 0000000700000001
0x0000000124b34790:   00007fe1f9e20e20 00007fe1fb8fb400
0x0000000124b347a0:   0000000124b34800 000000011fd9d1d0
0x0000000124b347b0:   00007fe1fb8fc768 00007fe20121f940
0x0000000124b347c0:   00007fe20121f940 00007fe20121f940
0x0000000124b347d0:   000000011fdac3d0 00007fe1fb8f0040
0x0000000124b347e0:   00007fe1ffd0af80 000000077b5b29e0
0x0000000124b347f0:   0000000124b348a8 00007fe201916800
0x0000000124b34800:   0000000124b34870 0000000104174758 

Instructions: (pc=0x0000000114d7f810)
0x0000000114d7f7f0:   85 f6 78 3a 49 8b 46 08 8b 40 3c 0f af c1 48 63
0x0000000114d7f800:   c0 49 8d 7c 45 00 49 8d 04 40 31 db 0f 1f 40 00
0x0000000114d7f810:   0f b7 14 5f 49 8b 76 18 66 8b 14 56 66 89 14 58
0x0000000114d7f820:   48 ff c3 44 39 e3 44 89 fa 44 89 e6 7e e2 ff c1 

Register to memory mapping:

RAX=0x000000011f78fc00 is an unknown value
RBX=0x0000000000000200 is an unknown value
RCX=0x000000000000001c is an unknown value
RDX=0x00000000000001df is an unknown value
RSP=0x0000000124b34610 is pointing into the stack for thread: 0x00007fe201916800
RBP=0x0000000124b34660 is pointing into the stack for thread: 0x00007fe201916800
RSI=0x000000000000027f is an unknown value
RDI=0x0000000115753c00 is an unknown value
R8 =0x000000011f787000 is an unknown value
R9 =0x00000000000005c0 is an unknown value
R10=0x0000000000000001 is an unknown value
R11=0x00007fff918472ba: _ZNK10__cxxabiv117__class_type_info16search_below_dstEPNS_19__dynamic_cast_infoEPKvib+0 in /usr/lib/libc++abi.dylib at 0x00007fff9181f000
R12=0x000000000000027f is an unknown value
R13=0x000000011574b000 is an unknown value
R14=0x00007fe1ffc20838 is an unknown value
R15=0x00000000000001df is an unknown value


Stack: [0x0000000124a35000,0x0000000124b35000],  sp=0x0000000124b34610,  free space=1021k
Native frames: (J=compiled Java code, j=interpreted, Vv=VM code, C=native code)
C  [libXnVHandGenerator_1_5_2.dylib+0x5d810]  _ZN28NHAMultiResDepthMapContainer6UpdateERKN2xn14DepthGeneratorERKNS0_13DepthMetaDataEj10SensorTime+0x130
C  [libXnVHandGenerator_1_5_2.dylib+0x57d6b]  _ZN21NHAHandTrackerManager13StartTrackingERKN2xn14DepthGeneratorERKNS0_13DepthMetaDataERK8Vector3DIfERK8Vector2DIfE+0x9b
C  [libXnVHandGenerator_1_5_2.dylib+0x1231f]  _ZN10XnVTracker13StartTrackingERK10XnVector3D+0x4f
C  [libOpenNI.dylib+0x21623]  xnStartTracking+0x7a
C  [libXnVNite_1_5_2.dylib+0x4c1c]  _ZN22XnVBuiltInPointTracker13StartTrackingERK10XnVector3D+0x1c
C  [libXnVNite_1_5_2.dylib+0x20ed0]  _ZN17XnVSessionManager10TrackPointERK10XnVector3D+0x50
C  [libXnVNite_1_5_2.dylib+0x20158]  _ZN17XnVSessionManager6UpdateEPKN2xn7ContextE+0x68
C  [libXnVCNITE_1_5_2.dylib+0x151d0]  xnvSessionManager_Update+0xf0
j  com.primesense.NITE.NativeMethods.xnvSessionManager_Update(JJ)I+0
j  com.primesense.NITE.SessionManager.update(Lorg/OpenNI/Context;)V+8
j  clicktracking.no.uio.kulu.GestureGUI.run()V+15
j  no.uio.kulu.Main.run()V+41
j  java.lang.Thread.run()V+11
v  ~StubRoutines::call_stub
V  [libjvm.dylib+0x2daef8]
V  [libjvm.dylib+0x2db40f]
V  [libjvm.dylib+0x2db54c]
V  [libjvm.dylib+0x32a41e]
V  [libjvm.dylib+0x4f5855]
V  [libjvm.dylib+0x4f6f5d]
V  [libjvm.dylib+0x420772]
C  [libsystem_pthread.dylib+0x32fc]  _pthread_body+0x83
C  [libsystem_pthread.dylib+0x3279]  _pthread_body+0x0
C  [libsystem_pthread.dylib+0x14b1]  thread_start+0xd

Java frames: (J=compiled Java code, j=interpreted, Vv=VM code)
j  com.primesense.NITE.NativeMethods.xnvSessionManager_Update(JJ)I+0
j  com.primesense.NITE.SessionManager.update(Lorg/OpenNI/Context;)V+8
j  clicktracking.no.uio.kulu.GestureGUI.run()V+15
j  no.uio.kulu.Main.run()V+41
j  java.lang.Thread.run()V+11
v  ~StubRoutines::call_stub

---------------  P R O C E S S  ---------------

Java Threads: ( => current thread )
  0x00007fe1fb000000 JavaThread "DestroyJavaVM" [_thread_blocked, id=4867, stack(0x0000000104060000,0x0000000104160000)]
=>0x00007fe201916800 JavaThread "Thread-0" [_thread_in_native, id=64791, stack(0x0000000124a35000,0x0000000124b35000)]
  0x00007fe1fff60800 JavaThread "AWT-EventQueue-0" [_thread_blocked, id=64531, stack(0x0000000121d19000,0x0000000121e19000)]
  0x00007fe1fb0df800 JavaThread "Java2D Disposer" daemon [_thread_blocked, id=49687, stack(0x00000001143fd000,0x00000001144fd000)]
  0x00007fe1fb0bd000 JavaThread "Java2D Queue Flusher" daemon [_thread_blocked, id=48391, stack(0x0000000113a7a000,0x0000000113b7a000)]
  0x00007fe1fb808800 JavaThread "AWT-Shutdown" [_thread_blocked, id=27667, stack(0x0000000110cb6000,0x0000000110db6000)]
  0x00007fe1fb074800 JavaThread "AppKit Thread" daemon [_thread_in_native, id=1811, stack(0x00007fff5cf36000,0x00007fff5cfb6000)]
  0x00007fe1fb81d000 JavaThread "Service Thread" daemon [_thread_blocked, id=17411, stack(0x000000010f44d000,0x000000010f54d000)]
  0x00007fe1fb81c000 JavaThread "C2 CompilerThread1" daemon [_thread_blocked, id=16899, stack(0x000000010f34a000,0x000000010f44a000)]
  0x00007fe1fb019000 JavaThread "C2 CompilerThread0" daemon [_thread_blocked, id=16387, stack(0x000000010f247000,0x000000010f347000)]
  0x00007fe1fa809000 JavaThread "Signal Dispatcher" daemon [_thread_blocked, id=12307, stack(0x000000010f144000,0x000000010f244000)]
  0x00007fe1fa049800 JavaThread "Finalizer" daemon [_thread_blocked, id=11523, stack(0x000000010d87d000,0x000000010d97d000)]
  0x00007fe1fa804800 JavaThread "Reference Handler" daemon [_thread_blocked, id=11011, stack(0x000000010d77a000,0x000000010d87a000)]

Other Threads:
  0x00007fe1fb014800 VMThread [stack: 0x000000010d677000,0x000000010d777000] [id=10499]
  0x00007fe1fb817800 WatcherThread [stack: 0x000000010f550000,0x000000010f650000] [id=17923]

VM state:not at safepoint (normal execution)

VM Mutex/Monitor currently owned by a thread: None

Heap
 PSYoungGen      total 671232K, used 372591K [0x00000007d5500000, 0x00000007ffe80000, 0x0000000800000000)
  eden space 646656K, 55% used [0x00000007d5500000,0x00000007eb177be0,0x00000007fcc80000)
  from space 24576K, 64% used [0x00000007fe680000,0x00000007ff5e40d0,0x00000007ffe80000)
  to   space 25600K, 0% used [0x00000007fcc80000,0x00000007fcc80000,0x00000007fe580000)
 ParOldGen       total 89600K, used 41545K [0x0000000780000000, 0x0000000785780000, 0x00000007d5500000)
  object space 89600K, 46% used [0x0000000780000000,0x0000000782892470,0x0000000785780000)
 PSPermGen       total 21504K, used 9570K [0x000000077ae00000, 0x000000077c300000, 0x0000000780000000)
  object space 21504K, 44% used [0x000000077ae00000,0x000000077b758b58,0x000000077c300000)

Card table byte_map: [0x0000000107222000,0x000000010764c000] byte_map_base: 0x000000010364b000

Polling page: 0x0000000102d9c000

Code Cache  [0x0000000104162000, 0x00000001043d2000, 0x0000000107162000)
 total_blobs=519 nmethods=67 adapters=406 free_code_cache=48512Kb largest_free_block=49659328

Compilation events (10 events):
Event: 2.575 Thread 0x00007fe1fb019000   61             clicktracking.no.uio.kulu.CameraPanel::bufToImage (180 bytes)
Event: 2.580 Thread 0x00007fe1fb019000 nmethod 61 0x0000000104202990 code [0x0000000104202b00, 0x0000000104202fb8]
Event: 2.580 Thread 0x00007fe1fb81c000   62 %           clicktracking.no.uio.kulu.CameraPanel::bufToImage @ 40 (180 bytes)
Event: 2.588 Thread 0x00007fe1fb81c000 nmethod 62% 0x00000001042032d0 code [0x0000000104203460, 0x0000000104203a18]
Event: 3.277 Thread 0x00007fe1fb019000   63             java.awt.image.SinglePixelPackedSampleModel::<init> (277 bytes)
Event: 3.284 Thread 0x00007fe1fb019000 nmethod 63 0x0000000104203dd0 code [0x0000000104203f60, 0x0000000104204508]
Event: 6.781 Thread 0x00007fe1fb81c000   64             java.util.IdentityHashMap::clear (39 bytes)
Event: 6.786 Thread 0x00007fe1fb81c000 nmethod 64 0x00000001041ff150 code [0x00000001041ff2a0, 0x00000001041ff3b8]
Event: 8.830 Thread 0x00007fe1fb019000   66             java.util.HashMap::getEntry (86 bytes)
Event: 8.837 Thread 0x00007fe1fb019000 nmethod 66 0x00000001042006d0 code [0x0000000104200840, 0x0000000104200a48]

GC Heap History (10 events):
Event: 6.163 GC heap before
{Heap before GC invocations=13 (full 1):
 PSYoungGen      total 343552K, used 330407K [0x00000007d5500000, 0x00000007f3c00000, 0x0000000800000000)
  eden space 315904K, 99% used [0x00000007d5500000,0x00000007e8971e18,0x00000007e8980000)
  from space 27648K, 52% used [0x00000007e8980000,0x00000007e97b80c0,0x00000007ea480000)
  to   space 27648K, 0% used [0x00000007f2100000,0x00000007f2100000,0x00000007f3c00000)
 ParOldGen       total 89600K, used 41481K [0x0000000780000000, 0x0000000785780000, 0x00000007d5500000)
  object space 89600K, 46% used [0x0000000780000000,0x0000000782882470,0x0000000785780000)
 PSPermGen       total 21504K, used 9562K [0x000000077ae00000, 0x000000077c300000, 0x0000000780000000)
  object space 21504K, 44% used [0x000000077ae00000,0x000000077b756a30,0x000000077c300000)
Event: 6.170 GC heap after
Heap after GC invocations=13 (full 1):
 PSYoungGen      total 453632K, used 14560K [0x00000007d5500000, 0x00000007f3380000, 0x0000000800000000)
  eden space 434688K, 0% used [0x00000007d5500000,0x00000007d5500000,0x00000007efd80000)
  from space 18944K, 76% used [0x00000007f2100000,0x00000007f2f380c0,0x00000007f3380000)
  to   space 27648K, 0% used [0x00000007efd80000,0x00000007efd80000,0x00000007f1880000)
 ParOldGen       total 89600K, used 41489K [0x0000000780000000, 0x0000000785780000, 0x00000007d5500000)
  object space 89600K, 46% used [0x0000000780000000,0x0000000782884470,0x0000000785780000)
 PSPermGen       total 21504K, used 9562K [0x000000077ae00000, 0x000000077c300000, 0x0000000780000000)
  object space 21504K, 44% used [0x000000077ae00000,0x000000077b756a30,0x000000077c300000)
}
Event: 7.165 GC heap before
{Heap before GC invocations=14 (full 1):
 PSYoungGen      total 453632K, used 448905K [0x00000007d5500000, 0x00000007f3380000, 0x0000000800000000)
  eden space 434688K, 99% used [0x00000007d5500000,0x00000007efd2a5a0,0x00000007efd80000)
  from space 18944K, 76% used [0x00000007f2100000,0x00000007f2f380c0,0x00000007f3380000)
  to   space 27648K, 0% used [0x00000007efd80000,0x00000007efd80000,0x00000007f1880000)
 ParOldGen       total 89600K, used 41489K [0x0000000780000000, 0x0000000785780000, 0x00000007d5500000)
  object space 89600K, 46% used [0x0000000780000000,0x0000000782884470,0x0000000785780000)
 PSPermGen       total 21504K, used 9564K [0x000000077ae00000, 0x000000077c300000, 0x0000000780000000)
  object space 21504K, 44% used [0x000000077ae00000,0x000000077b757170,0x000000077c300000)
Event: 7.173 GC heap after
Heap after GC invocations=14 (full 1):
 PSYoungGen      total 462336K, used 15760K [0x00000007d5500000, 0x00000007fc680000, 0x0000000800000000)
  eden space 434688K, 0% used [0x00000007d5500000,0x00000007d5500000,0x00000007efd80000)
  from space 27648K, 57% used [0x00000007efd80000,0x00000007f0ce40d0,0x00000007f1880000)
  to   space 27136K, 0% used [0x00000007fac00000,0x00000007fac00000,0x00000007fc680000)
 ParOldGen       total 89600K, used 41497K [0x0000000780000000, 0x0000000785780000, 0x00000007d5500000)
  object space 89600K, 46% used [0x0000000780000000,0x0000000782886470,0x0000000785780000)
 PSPermGen       total 21504K, used 9564K [0x000000077ae00000, 0x000000077c300000, 0x0000000780000000)
  object space 21504K, 44% used [0x000000077ae00000,0x000000077b757170,0x000000077c300000)
}
Event: 8.246 GC heap before
{Heap before GC invocations=15 (full 1):
 PSYoungGen      total 462336K, used 449751K [0x00000007d5500000, 0x00000007fc680000, 0x0000000800000000)
  eden space 434688K, 99% used [0x00000007d5500000,0x00000007efcd1d28,0x00000007efd80000)
  from space 27648K, 57% used [0x00000007efd80000,0x00000007f0ce40d0,0x00000007f1880000)
  to   space 27136K, 0% used [0x00000007fac00000,0x00000007fac00000,0x00000007fc680000)
 ParOldGen       total 89600K, used 41497K [0x0000000780000000, 0x0000000785780000, 0x00000007d5500000)
  object space 89600K, 46% used [0x0000000780000000,0x0000000782886470,0x0000000785780000)
 PSPermGen       total 21504K, used 9567K [0x000000077ae00000, 0x000000077c300000, 0x0000000780000000)
  object space 21504K, 44% used [0x000000077ae00000,0x000000077b757ea0,0x000000077c300000)
Event: 8.253 GC heap after
Heap after GC invocations=15 (full 1):
 PSYoungGen      total 591872K, used 16960K [0x00000007d5500000, 0x00000007fbd00000, 0x0000000800000000)
  eden space 574464K, 0% used [0x00000007d5500000,0x00000007d5500000,0x00000007f8600000)
  from space 17408K, 97% used [0x00000007fac00000,0x00000007fbc900e0,0x00000007fbd00000)
  to   space 26624K, 0% used [0x00000007f8900000,0x00000007f8900000,0x00000007fa300000)
 ParOldGen       total 89600K, used 41513K [0x0000000780000000, 0x0000000785780000, 0x00000007d5500000)
  object space 89600K, 46% used [0x0000000780000000,0x000000078288a470,0x0000000785780000)
 PSPermGen       total 21504K, used 9567K [0x000000077ae00000, 0x000000077c300000, 0x0000000780000000)
  object space 21504K, 44% used [0x000000077ae00000,0x000000077b757ea0,0x000000077c300000)
}
Event: 9.707 GC heap before
{Heap before GC invocations=16 (full 1):
 PSYoungGen      total 591872K, used 591365K [0x00000007d5500000, 0x00000007fbd00000, 0x0000000800000000)
  eden space 574464K, 99% used [0x00000007d5500000,0x00000007f85f14a8,0x00000007f8600000)
  from space 17408K, 97% used [0x00000007fac00000,0x00000007fbc900e0,0x00000007fbd00000)
  to   space 26624K, 0% used [0x00000007f8900000,0x00000007f8900000,0x00000007fa300000)
 ParOldGen       total 89600K, used 41513K [0x0000000780000000, 0x0000000785780000, 0x00000007d5500000)
  object space 89600K, 46% used [0x0000000780000000,0x000000078288a470,0x0000000785780000)
 PSPermGen       total 21504K, used 9569K [0x000000077ae00000, 0x000000077c300000, 0x0000000780000000)
  object space 21504K, 44% used [0x000000077ae00000,0x000000077b758738,0x000000077c300000)
Event: 9.716 GC heap after
Heap after GC invocations=16 (full 1):
 PSYoungGen      total 604160K, used 15760K [0x00000007d5500000, 0x0000000800000000, 0x0000000800000000)
  eden space 577536K, 0% used [0x00000007d5500000,0x00000007d5500000,0x00000007f8900000)
  from space 26624K, 59% used [0x00000007f8900000,0x00000007f98640d0,0x00000007fa300000)
  to   space 26112K, 0% used [0x00000007fe680000,0x00000007fe680000,0x0000000800000000)
 ParOldGen       total 89600K, used 41529K [0x0000000780000000, 0x0000000785780000, 0x00000007d5500000)
  object space 89600K, 46% used [0x0000000780000000,0x000000078288e470,0x0000000785780000)
 PSPermGen       total 21504K, used 9569K [0x000000077ae00000, 0x000000077c300000, 0x0000000780000000)
  object space 21504K, 44% used [0x000000077ae00000,0x000000077b758738,0x000000077c300000)
}
Event: 11.183 GC heap before
{Heap before GC invocations=17 (full 1):
 PSYoungGen      total 604160K, used 592401K [0x00000007d5500000, 0x0000000800000000, 0x0000000800000000)
  eden space 577536K, 99% used [0x00000007d5500000,0x00000007f8820510,0x00000007f8900000)
  from space 26624K, 59% used [0x00000007f8900000,0x00000007f98640d0,0x00000007fa300000)
  to   space 26112K, 0% used [0x00000007fe680000,0x00000007fe680000,0x0000000800000000)
 ParOldGen       total 89600K, used 41529K [0x0000000780000000, 0x0000000785780000, 0x00000007d5500000)
  object space 89600K, 46% used [0x0000000780000000,0x000000078288e470,0x0000000785780000)
 PSPermGen       total 21504K, used 9570K [0x000000077ae00000, 0x000000077c300000, 0x0000000780000000)
  object space 21504K, 44% used [0x000000077ae00000,0x000000077b758a68,0x000000077c300000)
Event: 11.191 GC heap after
Heap after GC invocations=17 (full 1):
 PSYoungGen      total 671232K, used 15760K [0x00000007d5500000, 0x00000007ffe80000, 0x0000000800000000)
  eden space 646656K, 0% used [0x00000007d5500000,0x00000007d5500000,0x00000007fcc80000)
  from space 24576K, 64% used [0x00000007fe680000,0x00000007ff5e40d0,0x00000007ffe80000)
  to   space 25600K, 0% used [0x00000007fcc80000,0x00000007fcc80000,0x00000007fe580000)
 ParOldGen       total 89600K, used 41545K [0x0000000780000000, 0x0000000785780000, 0x00000007d5500000)
  object space 89600K, 46% used [0x0000000780000000,0x0000000782892470,0x0000000785780000)
 PSPermGen       total 21504K, used 9570K [0x000000077ae00000, 0x000000077c300000, 0x0000000780000000)
  object space 21504K, 44% used [0x000000077ae00000,0x000000077b758a68,0x000000077c300000)
}

Deoptimization events (4 events):
Event: 2.387 Thread 0x00007fe201916800 Uncommon trap: reason=unreached action=reinterpret pc=0x00000001041f4b00 method=no.uio.kulu.TrackerPanel.calcHistogram(Ljava/nio/ShortBuffer;)V @ 189
Event: 2.458 Thread 0x00007fe201916800 Uncommon trap: reason=unreached action=reinterpret pc=0x00000001041f6448 method=java.awt.image.DirectColorModel.getDataElements(ILjava/lang/Object;)Ljava/lang/Object; @ 11
Event: 2.504 Thread 0x00007fe201916800 Uncommon trap: reason=unloaded action=reinterpret pc=0x00000001041fea14 method=clicktracking.no.uio.kulu.CameraPanel.bufToImage(Ljava/nio/ByteBuffer;)Ljava/awt/image/BufferedImage; @ 138
Event: 2.520 Thread 0x00007fe201916800 Uncommon trap: reason=unreached action=reinterpret pc=0x00000001041fd02c method=no.uio.kulu.TrackerPanel.calcHistogram(Ljava/nio/ShortBuffer;)V @ 226

Internal exceptions (10 events):
Event: 1.779 Thread 0x00007fe1fb000000 Threw 0x00000007d62a04c8 at /HUDSON/workspace/7u-2-build-macosx-x86_64/jdk7u67/1368/hotspot/src/share/vm/prims/jvm.cpp:1244
Event: 1.780 Thread 0x00007fe1fb000000 Threw 0x00000007d62a56c8 at /HUDSON/workspace/7u-2-build-macosx-x86_64/jdk7u67/1368/hotspot/src/share/vm/prims/jvm.cpp:1244
Event: 1.781 Thread 0x00007fe1fb000000 Threw 0x00000007d62a8810 at /HUDSON/workspace/7u-2-build-macosx-x86_64/jdk7u67/1368/hotspot/src/share/vm/prims/jvm.cpp:1244
Event: 1.781 Thread 0x00007fe1fb000000 Threw 0x00000007d62adc10 at /HUDSON/workspace/7u-2-build-macosx-x86_64/jdk7u67/1368/hotspot/src/share/vm/prims/jvm.cpp:1244
Event: 2.257 Thread 0x00007fe1fb000000 Threw 0x00000007d6525478 at /HUDSON/workspace/7u-2-build-macosx-x86_64/jdk7u67/1368/hotspot/src/share/vm/prims/jvm.cpp:1244
Event: 2.272 Thread 0x00007fe1fb000000 Threw 0x00000007d666ae70 at /HUDSON/workspace/7u-2-build-macosx-x86_64/jdk7u67/1368/hotspot/src/share/vm/prims/jvm.cpp:1244
Event: 2.282 Thread 0x00007fe1fb000000 Threw 0x00000007d677e578 at /HUDSON/workspace/7u-2-build-macosx-x86_64/jdk7u67/1368/hotspot/src/share/vm/prims/jvm.cpp:1244
Event: 2.283 Thread 0x00007fe1fb000000 Threw 0x00000007d6783010 at /HUDSON/workspace/7u-2-build-macosx-x86_64/jdk7u67/1368/hotspot/src/share/vm/prims/jvm.cpp:1244
Event: 2.404 Thread 0x00007fe201916800 Threw 0x00000007d6aa7930 at /HUDSON/workspace/7u-2-build-macosx-x86_64/jdk7u67/1368/hotspot/src/share/vm/prims/jvm.cpp:1244
Event: 2.458 Thread 0x00007fe201916800 Implicit null exception at 0x00000001041f62c8 to 0x00000001041f6431

Events (10 events):
Event: 6.163 Executing VM operation: ParallelGCFailedAllocation
Event: 6.170 Executing VM operation: ParallelGCFailedAllocation done
Event: 7.165 Executing VM operation: ParallelGCFailedAllocation
Event: 7.173 Executing VM operation: ParallelGCFailedAllocation done
Event: 8.246 Executing VM operation: ParallelGCFailedAllocation
Event: 8.253 Executing VM operation: ParallelGCFailedAllocation done
Event: 9.707 Executing VM operation: ParallelGCFailedAllocation
Event: 9.716 Executing VM operation: ParallelGCFailedAllocation done
Event: 11.183 Executing VM operation: ParallelGCFailedAllocation
Event: 11.191 Executing VM operation: ParallelGCFailedAllocation done


Dynamic libraries:
0x0000000002798000 	/System/Library/Frameworks/Cocoa.framework/Versions/A/Cocoa
0x0000000002798000 	/System/Library/Frameworks/Security.framework/Versions/A/Security
0x0000000002798000 	/System/Library/Frameworks/ApplicationServices.framework/Versions/A/ApplicationServices
0x0000000002798000 	/usr/lib/libz.1.dylib
0x0000000002798000 	/usr/lib/libSystem.B.dylib
0x0000000002798000 	/usr/lib/libobjc.A.dylib
0x0000000002798000 	/System/Library/Frameworks/CoreFoundation.framework/Versions/A/CoreFoundation
0x0000000002798000 	/System/Library/Frameworks/Foundation.framework/Versions/C/Foundation
0x0000000002798000 	/System/Library/Frameworks/AppKit.framework/Versions/C/AppKit
0x0000000002798000 	/System/Library/Frameworks/CoreData.framework/Versions/A/CoreData
0x0000000002798000 	/System/Library/PrivateFrameworks/RemoteViewServices.framework/Versions/A/RemoteViewServices
0x0000000002798000 	/System/Library/PrivateFrameworks/UIFoundation.framework/Versions/A/UIFoundation
0x0000000002798000 	/System/Library/Frameworks/IOSurface.framework/Versions/A/IOSurface
0x0000000002798000 	/System/Library/Frameworks/AudioToolbox.framework/Versions/A/AudioToolbox
0x0000000002798000 	/System/Library/Frameworks/AudioUnit.framework/Versions/A/AudioUnit
0x0000000002798000 	/System/Library/PrivateFrameworks/DataDetectorsCore.framework/Versions/A/DataDetectorsCore
0x0000000002798000 	/System/Library/PrivateFrameworks/DesktopServicesPriv.framework/Versions/A/DesktopServicesPriv
0x0000000002798000 	/System/Library/Frameworks/Carbon.framework/Versions/A/Frameworks/HIToolbox.framework/Versions/A/HIToolbox
0x0000000002798000 	/System/Library/Frameworks/QuartzCore.framework/Versions/A/QuartzCore
0x0000000002798000 	/System/Library/Frameworks/Carbon.framework/Versions/A/Frameworks/SpeechRecognition.framework/Versions/A/SpeechRecognition
0x0000000002798000 	/usr/lib/libauto.dylib
0x0000000002798000 	/usr/lib/libicucore.A.dylib
0x0000000002798000 	/usr/lib/libxml2.2.dylib
0x0000000002798000 	/System/Library/PrivateFrameworks/CoreUI.framework/Versions/A/CoreUI
0x0000000002798000 	/System/Library/Frameworks/CoreAudio.framework/Versions/A/CoreAudio
0x0000000002798000 	/System/Library/Frameworks/DiskArbitration.framework/Versions/A/DiskArbitration
0x0000000002798000 	/usr/lib/liblangid.dylib
0x0000000002798000 	/System/Library/PrivateFrameworks/MultitouchSupport.framework/Versions/A/MultitouchSupport
0x0000000002798000 	/System/Library/Frameworks/IOKit.framework/Versions/A/IOKit
0x0000000002798000 	/usr/lib/libDiagnosticMessagesClient.dylib
0x0000000002798000 	/System/Library/Frameworks/CoreServices.framework/Versions/A/CoreServices
0x0000000002798000 	/System/Library/PrivateFrameworks/PerformanceAnalysis.framework/Versions/A/PerformanceAnalysis
0x0000000002798000 	/System/Library/PrivateFrameworks/GenerationalStorage.framework/Versions/A/GenerationalStorage
0x0000000002798000 	/System/Library/Frameworks/OpenGL.framework/Versions/A/OpenGL
0x0000000002798000 	/System/Library/PrivateFrameworks/Sharing.framework/Versions/A/Sharing
0x0000000002798000 	/System/Library/Frameworks/CoreGraphics.framework/Versions/A/CoreGraphics
0x0000000002798000 	/System/Library/Frameworks/CoreText.framework/Versions/A/CoreText
0x0000000002798000 	/System/Library/Frameworks/ImageIO.framework/Versions/A/ImageIO
0x0000000002798000 	/usr/lib/libextension.dylib
0x0000000002798000 	/System/Library/PrivateFrameworks/Backup.framework/Versions/A/Backup
0x0000000002798000 	/usr/lib/libarchive.2.dylib
0x0000000002798000 	/System/Library/Frameworks/CFNetwork.framework/Versions/A/CFNetwork
0x0000000002798000 	/System/Library/Frameworks/SystemConfiguration.framework/Versions/A/SystemConfiguration
0x0000000002798000 	/usr/lib/libCRFSuite.dylib
0x0000000002798000 	/usr/lib/libc++.1.dylib
0x0000000002798000 	/usr/lib/libc++abi.dylib
0x0000000002798000 	/usr/lib/system/libcache.dylib
0x0000000002798000 	/usr/lib/system/libcommonCrypto.dylib
0x0000000002798000 	/usr/lib/system/libcompiler_rt.dylib
0x0000000002798000 	/usr/lib/system/libcopyfile.dylib
0x0000000002798000 	/usr/lib/system/libcorecrypto.dylib
0x0000000002798000 	/usr/lib/system/libdispatch.dylib
0x0000000002798000 	/usr/lib/system/libdyld.dylib
0x0000000002798000 	/usr/lib/system/libkeymgr.dylib
0x0000000002798000 	/usr/lib/system/liblaunch.dylib
0x0000000002798000 	/usr/lib/system/libmacho.dylib
0x0000000002798000 	/usr/lib/system/libquarantine.dylib
0x0000000002798000 	/usr/lib/system/libremovefile.dylib
0x0000000002798000 	/usr/lib/system/libsystem_asl.dylib
0x0000000002798000 	/usr/lib/system/libsystem_blocks.dylib
0x0000000002798000 	/usr/lib/system/libsystem_c.dylib
0x0000000002798000 	/usr/lib/system/libsystem_configuration.dylib
0x0000000002798000 	/usr/lib/system/libsystem_coreservices.dylib
0x0000000002798000 	/usr/lib/system/libsystem_coretls.dylib
0x0000000002798000 	/usr/lib/system/libsystem_dnssd.dylib
0x0000000002798000 	/usr/lib/system/libsystem_info.dylib
0x0000000002798000 	/usr/lib/system/libsystem_kernel.dylib
0x0000000002798000 	/usr/lib/system/libsystem_m.dylib
0x0000000002798000 	/usr/lib/system/libsystem_malloc.dylib
0x0000000002798000 	/usr/lib/system/libsystem_network.dylib
0x0000000002798000 	/usr/lib/system/libsystem_networkextension.dylib
0x0000000002798000 	/usr/lib/system/libsystem_notify.dylib
0x0000000002798000 	/usr/lib/system/libsystem_platform.dylib
0x0000000002798000 	/usr/lib/system/libsystem_pthread.dylib
0x0000000002798000 	/usr/lib/system/libsystem_sandbox.dylib
0x0000000002798000 	/usr/lib/system/libsystem_secinit.dylib
0x0000000002798000 	/usr/lib/system/libsystem_stats.dylib
0x0000000002798000 	/usr/lib/system/libsystem_trace.dylib
0x0000000002798000 	/usr/lib/system/libunc.dylib
0x0000000002798000 	/usr/lib/system/libunwind.dylib
0x0000000002798000 	/usr/lib/system/libxpc.dylib
0x0000000002798000 	/usr/lib/libbz2.1.0.dylib
0x0000000002798000 	/usr/lib/liblzma.5.dylib
0x0000000002798000 	/usr/lib/libbsm.0.dylib
0x0000000002798000 	/usr/lib/libsqlite3.dylib
0x0000000002798000 	/usr/lib/system/libkxld.dylib
0x0000000002798000 	/usr/lib/libxar.1.dylib
0x0000000002798000 	/usr/lib/libpam.2.dylib
0x0000000002798000 	/usr/lib/libOpenScriptingUtil.dylib
0x0000000002798000 	/System/Library/Frameworks/CoreServices.framework/Versions/A/Frameworks/FSEvents.framework/Versions/A/FSEvents
0x0000000002798000 	/System/Library/Frameworks/CoreServices.framework/Versions/A/Frameworks/CarbonCore.framework/Versions/A/CarbonCore
0x0000000002798000 	/System/Library/Frameworks/CoreServices.framework/Versions/A/Frameworks/Metadata.framework/Versions/A/Metadata
0x0000000002798000 	/System/Library/Frameworks/CoreServices.framework/Versions/A/Frameworks/OSServices.framework/Versions/A/OSServices
0x0000000002798000 	/System/Library/Frameworks/CoreServices.framework/Versions/A/Frameworks/SearchKit.framework/Versions/A/SearchKit
0x0000000002798000 	/System/Library/Frameworks/CoreServices.framework/Versions/A/Frameworks/AE.framework/Versions/A/AE
0x0000000002798000 	/System/Library/Frameworks/CoreServices.framework/Versions/A/Frameworks/LaunchServices.framework/Versions/A/LaunchServices
0x0000000002798000 	/System/Library/Frameworks/CoreServices.framework/Versions/A/Frameworks/DictionaryServices.framework/Versions/A/DictionaryServices
0x0000000002798000 	/System/Library/Frameworks/NetFS.framework/Versions/A/NetFS
0x0000000002798000 	/System/Library/PrivateFrameworks/NetAuth.framework/Versions/A/NetAuth
0x0000000002798000 	/System/Library/PrivateFrameworks/login.framework/Versions/A/Frameworks/loginsupport.framework/Versions/A/loginsupport
0x0000000002798000 	/System/Library/PrivateFrameworks/TCC.framework/Versions/A/TCC
0x0000000002798000 	/usr/lib/libmecabra.dylib
0x0000000002798000 	/System/Library/PrivateFrameworks/LanguageModeling.framework/Versions/A/LanguageModeling
0x0000000002798000 	/usr/lib/libcmph.dylib
0x0000000002798000 	/usr/lib/libiconv.2.dylib
0x0000000002798000 	/System/Library/Frameworks/OpenDirectory.framework/Versions/A/Frameworks/CFOpenDirectory.framework/Versions/A/CFOpenDirectory
0x0000000002798000 	/System/Library/Frameworks/ServiceManagement.framework/Versions/A/ServiceManagement
0x0000000002798000 	/usr/lib/libxslt.1.dylib
0x0000000002798000 	/System/Library/Frameworks/Carbon.framework/Versions/A/Frameworks/Ink.framework/Versions/A/Ink
0x0000000002798000 	/System/Library/Frameworks/ApplicationServices.framework/Versions/A/Frameworks/ATS.framework/Versions/A/ATS
0x0000000002798000 	/System/Library/Frameworks/ApplicationServices.framework/Versions/A/Frameworks/ColorSync.framework/Versions/A/ColorSync
0x0000000002798000 	/System/Library/Frameworks/ApplicationServices.framework/Versions/A/Frameworks/HIServices.framework/Versions/A/HIServices
0x0000000002798000 	/System/Library/Frameworks/ApplicationServices.framework/Versions/A/Frameworks/LangAnalysis.framework/Versions/A/LangAnalysis
0x0000000002798000 	/System/Library/Frameworks/ApplicationServices.framework/Versions/A/Frameworks/PrintCore.framework/Versions/A/PrintCore
0x0000000002798000 	/System/Library/Frameworks/ApplicationServices.framework/Versions/A/Frameworks/QD.framework/Versions/A/QD
0x0000000002798000 	/System/Library/Frameworks/ApplicationServices.framework/Versions/A/Frameworks/SpeechSynthesis.framework/Versions/A/SpeechSynthesis
0x0000000002798000 	/System/Library/Frameworks/Accelerate.framework/Versions/A/Accelerate
0x0000000002798000 	/System/Library/Frameworks/Accelerate.framework/Versions/A/Frameworks/vImage.framework/Versions/A/vImage
0x0000000002798000 	/System/Library/Frameworks/Accelerate.framework/Versions/A/Frameworks/vecLib.framework/Versions/A/vecLib
0x0000000002798000 	/System/Library/Frameworks/Accelerate.framework/Versions/A/Frameworks/vecLib.framework/Versions/A/libvDSP.dylib
0x0000000002798000 	/System/Library/Frameworks/Accelerate.framework/Versions/A/Frameworks/vecLib.framework/Versions/A/libvMisc.dylib
0x0000000002798000 	/System/Library/Frameworks/Accelerate.framework/Versions/A/Frameworks/vecLib.framework/Versions/A/libLAPACK.dylib
0x0000000002798000 	/System/Library/Frameworks/Accelerate.framework/Versions/A/Frameworks/vecLib.framework/Versions/A/libBLAS.dylib
0x0000000002798000 	/System/Library/Frameworks/Accelerate.framework/Versions/A/Frameworks/vecLib.framework/Versions/A/libLinearAlgebra.dylib
0x0000000002798000 	/System/Library/Frameworks/ApplicationServices.framework/Versions/A/Frameworks/ATS.framework/Versions/A/Resources/libFontParser.dylib
0x0000000002798000 	/System/Library/Frameworks/ApplicationServices.framework/Versions/A/Frameworks/ATS.framework/Versions/A/Resources/libFontRegistry.dylib
0x0000000002798000 	/System/Library/PrivateFrameworks/AppleVPA.framework/Versions/A/AppleVPA
0x0000000002798000 	/System/Library/PrivateFrameworks/AppleJPEG.framework/Versions/A/AppleJPEG
0x0000000002798000 	/System/Library/Frameworks/ImageIO.framework/Versions/A/Resources/libJPEG.dylib
0x0000000002798000 	/System/Library/Frameworks/ImageIO.framework/Versions/A/Resources/libTIFF.dylib
0x0000000002798000 	/System/Library/Frameworks/ImageIO.framework/Versions/A/Resources/libPng.dylib
0x0000000002798000 	/System/Library/Frameworks/ImageIO.framework/Versions/A/Resources/libGIF.dylib
0x0000000002798000 	/System/Library/Frameworks/ImageIO.framework/Versions/A/Resources/libJP2.dylib
0x0000000002798000 	/System/Library/Frameworks/ImageIO.framework/Versions/A/Resources/libRadiance.dylib
0x0000000002798000 	/System/Library/Frameworks/CoreVideo.framework/Versions/A/CoreVideo
0x0000000002798000 	/System/Library/Frameworks/OpenGL.framework/Versions/A/Libraries/libGLU.dylib
0x0000000002798000 	/System/Library/Frameworks/OpenGL.framework/Versions/A/Libraries/libGFXShared.dylib
0x0000000002798000 	/System/Library/Frameworks/OpenGL.framework/Versions/A/Libraries/libGL.dylib
0x0000000002798000 	/System/Library/Frameworks/OpenGL.framework/Versions/A/Libraries/libGLImage.dylib
0x0000000002798000 	/System/Library/Frameworks/OpenGL.framework/Versions/A/Libraries/libCVMSPluginSupport.dylib
0x0000000002798000 	/System/Library/Frameworks/OpenGL.framework/Versions/A/Libraries/libCoreVMClient.dylib
0x0000000002798000 	/usr/lib/libcups.2.dylib
0x0000000002798000 	/System/Library/Frameworks/Kerberos.framework/Versions/A/Kerberos
0x0000000002798000 	/System/Library/Frameworks/GSS.framework/Versions/A/GSS
0x0000000002798000 	/usr/lib/libresolv.9.dylib
0x0000000002798000 	/System/Library/PrivateFrameworks/Heimdal.framework/Versions/A/Heimdal
0x0000000002798000 	/usr/lib/libheimdal-asn1.dylib
0x0000000002798000 	/System/Library/Frameworks/OpenDirectory.framework/Versions/A/OpenDirectory
0x0000000002798000 	/System/Library/PrivateFrameworks/CommonAuth.framework/Versions/A/CommonAuth
0x0000000002798000 	/System/Library/Frameworks/SecurityFoundation.framework/Versions/A/SecurityFoundation
0x0000000002798000 	/System/Library/Frameworks/QuartzCore.framework/Versions/A/Frameworks/CoreImage.framework/Versions/A/CoreImage
0x0000000002798000 	/System/Library/PrivateFrameworks/CrashReporterSupport.framework/Versions/A/CrashReporterSupport
0x0000000002798000 	/System/Library/Frameworks/OpenCL.framework/Versions/A/OpenCL
0x0000000002798000 	/System/Library/PrivateFrameworks/FaceCore.framework/Versions/A/FaceCore
0x0000000002798000 	/System/Library/PrivateFrameworks/Ubiquity.framework/Versions/A/Ubiquity
0x0000000002798000 	/System/Library/PrivateFrameworks/IconServices.framework/Versions/A/IconServices
0x0000000002798000 	/System/Library/PrivateFrameworks/ChunkingLibrary.framework/Versions/A/ChunkingLibrary
0x0000000002798000 	/System/Library/PrivateFrameworks/Apple80211.framework/Versions/A/Apple80211
0x0000000002798000 	/System/Library/Frameworks/CoreWLAN.framework/Versions/A/CoreWLAN
0x0000000002798000 	/System/Library/Frameworks/IOBluetooth.framework/Versions/A/IOBluetooth
0x0000000002798000 	/System/Library/PrivateFrameworks/CoreWiFi.framework/Versions/A/CoreWiFi
0x0000000002798000 	/System/Library/Frameworks/CoreBluetooth.framework/Versions/A/CoreBluetooth
0x0000000002798000 	/System/Library/PrivateFrameworks/DebugSymbols.framework/Versions/A/DebugSymbols
0x0000000002798000 	/System/Library/PrivateFrameworks/CoreSymbolication.framework/Versions/A/CoreSymbolication
0x0000000002798000 	/System/Library/PrivateFrameworks/Symbolication.framework/Versions/A/Symbolication
0x0000000002798000 	/System/Library/PrivateFrameworks/SpeechRecognitionCore.framework/Versions/A/SpeechRecognitionCore
0x0000000103600000 	/Library/Java/JavaVirtualMachines/jdk1.7.0_67.jdk/Contents/Home/jre/lib/server/libjvm.dylib
0x0000000002798000 	/usr/lib/libstdc++.6.dylib
0x0000000102d5f000 	/Library/Java/JavaVirtualMachines/jdk1.7.0_67.jdk/Contents/Home/jre/lib/libverify.dylib
0x0000000102d6c000 	/Library/Java/JavaVirtualMachines/jdk1.7.0_67.jdk/Contents/Home/jre/lib/libjava.dylib
0x0000000102da6000 	/Library/Java/JavaVirtualMachines/jdk1.7.0_67.jdk/Contents/Home/jre/lib/libzip.dylib
0x000000010d97f000 	/System/Library/Frameworks/JavaVM.framework/Frameworks/JavaRuntimeSupport.framework/JavaRuntimeSupport
0x000000010d997000 	/System/Library/Frameworks/JavaVM.framework/Versions/A/Frameworks/JavaNativeFoundation.framework/Versions/A/JavaNativeFoundation
0x000000010d9ac000 	/System/Library/Frameworks/JavaVM.framework/Versions/A/JavaVM
0x0000000002798000 	/System/Library/Frameworks/Carbon.framework/Versions/A/Carbon
0x000000010d9b9000 	/System/Library/PrivateFrameworks/JavaLaunching.framework/Versions/A/JavaLaunching
0x0000000002798000 	/System/Library/Frameworks/Carbon.framework/Versions/A/Frameworks/CommonPanels.framework/Versions/A/CommonPanels
0x0000000002798000 	/System/Library/Frameworks/Carbon.framework/Versions/A/Frameworks/Help.framework/Versions/A/Help
0x0000000002798000 	/System/Library/Frameworks/Carbon.framework/Versions/A/Frameworks/ImageCapture.framework/Versions/A/ImageCapture
0x0000000002798000 	/System/Library/Frameworks/Carbon.framework/Versions/A/Frameworks/OpenScripting.framework/Versions/A/OpenScripting
0x0000000002798000 	/System/Library/Frameworks/Carbon.framework/Versions/A/Frameworks/Print.framework/Versions/A/Print
0x0000000002798000 	/System/Library/Frameworks/Carbon.framework/Versions/A/Frameworks/SecurityHI.framework/Versions/A/SecurityHI
0x000000010f694000 	/Library/Java/JavaVirtualMachines/jdk1.7.0_67.jdk/Contents/Home/jre/lib/libawt.dylib
0x000000010f743000 	/Library/Java/JavaVirtualMachines/jdk1.7.0_67.jdk/Contents/Home/jre/lib/./libmlib_image.dylib
0x000000010f80f000 	/Library/Java/JavaVirtualMachines/jdk1.7.0_67.jdk/Contents/Home/jre/lib/lwawt/liblwawt.dylib
0x000000010f8c3000 	/Library/Java/JavaVirtualMachines/jdk1.7.0_67.jdk/Contents/Home/jre/lib/libosxapp.dylib
0x0000000002798000 	/System/Library/Frameworks/ExceptionHandling.framework/Versions/A/ExceptionHandling
0x0000000002798000 	/System/Library/PrivateFrameworks/CoreServicesInternal.framework/Versions/A/CoreServicesInternal
0x0000000002798000 	/System/Library/PrivateFrameworks/CloudDocs.framework/Versions/A/CloudDocs
0x0000000002798000 	/System/Library/PrivateFrameworks/CoreDuet.framework/Versions/A/CoreDuet
0x0000000002798000 	/System/Library/Frameworks/CloudKit.framework/Versions/A/CloudKit
0x0000000002798000 	/System/Library/PrivateFrameworks/ProtocolBuffer.framework/Versions/A/ProtocolBuffer
0x0000000002798000 	/System/Library/PrivateFrameworks/CoreDuetDaemonProtocol.framework/Versions/A/CoreDuetDaemonProtocol
0x0000000002798000 	/System/Library/PrivateFrameworks/CoreDuetDebugLogging.framework/Versions/A/CoreDuetDebugLogging
0x0000000002798000 	/System/Library/Frameworks/CoreLocation.framework/Versions/A/CoreLocation
0x0000000002798000 	/System/Library/Frameworks/Accounts.framework/Versions/A/Accounts
0x0000000002798000 	/System/Library/PrivateFrameworks/ApplePushService.framework/Versions/A/ApplePushService
0x0000000002798000 	/System/Library/PrivateFrameworks/GeoServices.framework/Versions/A/GeoServices
0x0000000002798000 	/System/Library/PrivateFrameworks/OAuth.framework/Versions/A/OAuth
0x0000000002798000 	/System/Library/PrivateFrameworks/CoreDaemon.framework/Versions/B/CoreDaemon
0x0000000002798000 	/usr/lib/libcrypto.0.9.8.dylib
0x0000000002798000 	/System/Library/PrivateFrameworks/AppleSRP.framework/Versions/A/AppleSRP
0x0000000002798000 	/System/Library/PrivateFrameworks/TrustEvaluationAgent.framework/Versions/A/TrustEvaluationAgent
0x0000000002798000 	/System/Library/Frameworks/CoreGraphics.framework/Versions/A/Resources/libCGCMS.A.dylib
0x0000000002798000 	/System/Library/Frameworks/CoreGraphics.framework/Versions/A/Resources/libRIP.A.dylib
0x0000000002798000 	/System/Library/Frameworks/CoreGraphics.framework/Versions/A/Resources/libCGXType.A.dylib
0x0000000002798000 	/System/Library/Frameworks/OpenCL.framework/Versions/A/Libraries/libcldcpuengine.dylib
0x0000000002798000 	/System/Library/PrivateFrameworks/DiskImages.framework/Versions/A/DiskImages
0x0000000002798000 	/System/Library/Frameworks/DiscRecording.framework/Versions/A/DiscRecording
0x0000000002798000 	/usr/lib/libcsfde.dylib
0x0000000002798000 	/usr/lib/libcurl.4.dylib
0x0000000002798000 	/System/Library/PrivateFrameworks/MediaKit.framework/Versions/A/MediaKit
0x0000000002798000 	/System/Library/PrivateFrameworks/ProtectedCloudStorage.framework/Versions/A/ProtectedCloudStorage
0x0000000002798000 	/usr/lib/libCoreStorage.dylib
0x0000000002798000 	/System/Library/PrivateFrameworks/EFILogin.framework/Versions/A/EFILogin
0x0000000002798000 	/usr/lib/libutil.dylib
0x0000000002798000 	/System/Library/PrivateFrameworks/FindMyDevice.framework/Versions/A/FindMyDevice
0x0000000002798000 	/System/Library/Frameworks/LDAP.framework/Versions/A/LDAP
0x0000000002798000 	/usr/lib/libsasl2.2.dylib
0x00000001127f3000 	cl_kernels
0x00000001127f5000 	/System/Library/Frameworks/OpenCL.framework/Versions/A/Libraries/ImageFormats/unorm8_bgra.dylib
0x00000001127e5000 	cl_kernels
0x0000000002798000 	/System/Library/PrivateFrameworks/FamilyControls.framework/Versions/A/FamilyControls
0x0000000002798000 	/System/Library/PrivateFrameworks/CommerceKit.framework/Versions/A/Frameworks/CommerceCore.framework/Versions/A/CommerceCore
0x0000000002798000 	/System/Library/PrivateFrameworks/SystemAdministration.framework/Versions/A/SystemAdministration
0x0000000002798000 	/System/Library/PrivateFrameworks/AppContainer.framework/Versions/A/AppContainer
0x0000000002798000 	/System/Library/PrivateFrameworks/SecCodeWrapper.framework/Versions/A/SecCodeWrapper
0x0000000002798000 	/System/Library/Frameworks/DirectoryService.framework/Versions/A/DirectoryService
0x0000000002798000 	/System/Library/PrivateFrameworks/LoginUIKit.framework/Versions/A/Frameworks/LoginUICore.framework/Versions/A/LoginUICore
0x0000000002798000 	/usr/lib/libodfde.dylib
0x0000000002798000 	/System/Library/Frameworks/OpenGL.framework/Versions/A/Resources/GLEngine.bundle/GLEngine
0x0000000002798000 	/System/Library/Frameworks/OpenGL.framework/Versions/A/Libraries/libGLProgrammability.dylib
0x0000000000000000 	/System/Library/Extensions/AppleIntelHD5000GraphicsGLDriver.bundle/Contents/MacOS/AppleIntelHD5000GraphicsGLDriver
0x0000000002798000 	/System/Library/PrivateFrameworks/IOAccelerator.framework/Versions/A/IOAccelerator
0x0000000002798000 	/System/Library/PrivateFrameworks/GPUSupport.framework/Versions/A/Libraries/libGPUSupportMercury.dylib
0x0000000002798000 	/System/Library/Frameworks/OpenGL.framework/Versions/A/Resources/GLRendererFloat.bundle/GLRendererFloat
0x00000001144ff000 	/Library/Java/JavaVirtualMachines/jdk1.7.0_67.jdk/Contents/Home/jre/lib/libfontmanager.dylib
0x0000000114566000 	/Library/Java/JavaVirtualMachines/jdk1.7.0_67.jdk/Contents/Home/jre/lib/libosxui.dylib
0x000000011456f000 	/Users/magnuslien/Downloads/OpenNI_NITE_Installer-OSX/data/libOpenNI.jni.dylib
0x0000000114598000 	/usr/local/lib/libOpenNI.dylib
0x000000011460d000 	/usr/local/lib/libusb-1.0.0.dylib
0x0000000114624000 	/usr/local/Cellar/openni/1.5.7.10/lib/libnimMockNodes.dylib
0x0000000114653000 	/usr/local/Cellar/openni/1.5.7.10/lib/libnimCodecs.dylib
0x00000001146ab000 	/usr/local/Cellar/openni/1.5.7.10/lib/libnimRecorder.dylib
0x00000001146ce000 	/usr/local/Cellar/sensor/5.1.6.6/lib/libXnDeviceSensorV2.dylib
0x000000011475a000 	/usr/local/Cellar/sensor/5.1.6.6/lib/libXnCore.dylib
0x000000011475f000 	/usr/local/Cellar/sensor/5.1.6.6/lib/libXnFormats.dylib
0x00000001147a2000 	/usr/local/Cellar/sensor/5.1.6.6/lib/libXnDDK.dylib
0x00000001147e0000 	/usr/local/Cellar/sensor/5.1.6.6/lib/libXnDeviceFile.dylib
0x000000011480d000 	/usr/local/Cellar/sensor-kinect/0.94/lib/libXnDeviceSensorV2KM.dylib
0x0000000114899000 	/usr/local/Cellar/nite/1.5.2.21/lib/libXnVFeatures_1_5_2.dylib
0x0000000114d22000 	/usr/local/Cellar/nite/1.5.2.21/lib/libXnVHandGenerator_1_5_2.dylib
0x0000000114e30000 	/System/Library/Extensions/IOUSBFamily.kext/Contents/PlugIns/IOUSBLib.bundle/Contents/MacOS/IOUSBLib
0x000000011f040000 	/Library/Java/JavaVirtualMachines/jdk1.7.0_67.jdk/Contents/Home/jre/lib/libjpeg.dylib
0x000000011fd63000 	/Users/magnuslien/Downloads/OpenNI_NITE_Installer-OSX/data/libXnVNITE.jni.dylib
0x000000011fd88000 	/usr/local/lib/libXnVCNITE_1_5_2.dylib
0x000000011fdbf000 	/usr/local/Cellar/nite/1.5.2.21/lib/libXnVNite_1_5_2.dylib
0x000000011ff5e000 	/Library/Java/JavaVirtualMachines/jdk1.7.0_67.jdk/Contents/Home/jre/lib/libnet.dylib
0x000000011feaa000 	/Library/Java/JavaVirtualMachines/jdk1.7.0_67.jdk/Contents/Home/jre/lib/libnio.dylib

VM Arguments:
jvm_args: -Djava.library.path=/Users/magnuslien/Downloads/OpenNI_NITE_Installer-OSX/data -Dfile.encoding=UTF-8 
java_command: no.uio.kulu.Main
Launcher Type: SUN_STANDARD

Environment Variables:
PATH=/usr/bin:/bin:/usr/sbin:/sbin
SHELL=/bin/bash

Signal Handlers:
SIGSEGV: [libjvm.dylib+0x52b6c9], sa_mask[0]=0xfffefeff, sa_flags=0x00000043
SIGBUS: [libjvm.dylib+0x52b6c9], sa_mask[0]=0xfffefeff, sa_flags=0x00000042
SIGFPE: [libjvm.dylib+0x41deaa], sa_mask[0]=0xfffefeff, sa_flags=0x00000042
SIGPIPE: [libjvm.dylib+0x41deaa], sa_mask[0]=0xfffefeff, sa_flags=0x00000042
SIGXFSZ: [libjvm.dylib+0x41deaa], sa_mask[0]=0xfffefeff, sa_flags=0x00000042
SIGILL: [libjvm.dylib+0x41deaa], sa_mask[0]=0xfffefeff, sa_flags=0x00000042
SIGUSR1: SIG_DFL, sa_mask[0]=0x00000000, sa_flags=0x00000000
SIGUSR2: [libjvm.dylib+0x41d99c], sa_mask[0]=0x00000004, sa_flags=0x00000042
SIGHUP: [libjvm.dylib+0x41bc2d], sa_mask[0]=0xfffefeff, sa_flags=0x00000042
SIGINT: [libjvm.dylib+0x41bc2d], sa_mask[0]=0xfffefeff, sa_flags=0x00000042
SIGTERM: [libjvm.dylib+0x41bc2d], sa_mask[0]=0xfffefeff, sa_flags=0x00000042
SIGQUIT: [libjvm.dylib+0x41bc2d], sa_mask[0]=0xfffefeff, sa_flags=0x00000042


---------------  S Y S T E M  ---------------

OS:Bsduname:Darwin 14.0.0 Darwin Kernel Version 14.0.0: Fri Sep 19 00:26:44 PDT 2014; root:xnu-2782.1.97~2/RELEASE_X86_64 x86_64
rlimit: STACK 8192k, CORE 0k, NPROC 709, NOFILE 10240, AS infinity
load average:2.24 1.55 1.48

CPU:total 4 (2 cores per cpu, 2 threads per core) family 6 model 69 stepping 1, cmov, cx8, fxsr, mmx, sse, sse2, sse3, ssse3, sse4.1, sse4.2, popcnt, avx, avx2, aes, erms, ht, tsc, tscinvbit

Memory: 4k page, physical 8388608k(2097152k free)

/proc/meminfo:


vm_info: Java HotSpot(TM) 64-Bit Server VM (24.65-b04) for bsd-amd64 JRE (1.7.0_67-b01), built on Jul 25 2014 08:51:51 by "java_re" with gcc 4.2.1 (Based on Apple Inc. build 5658) (LLVM build 2336.11.00)

time: Mon Nov 10 00:24:01 2014
elapsed time: 12 seconds

